<?xml version="1.0" encoding="UTF-8"?>
<!-- Generated by org.testng.reporters.JUnitReportReporter -->
<testsuite skipped="0" hostname="User-PC" name="task1.Challenge_Final_TestNG" tests="1" failures="0" timestamp="23 Nov 2018 09:03:56 GMT" time="20.396" errors="0">
  <testcase name="Test1" time="20.396" classname="task1.Challenge_Final_TestNG"/>
</testsuite> <!-- task1.Challenge_Final_TestNG -->
